TN:
SF:src/components/app/app.tsx
FN:23,App
FN:33,handleSelect
FNF:2
FNH:1
FNDA:5,App
FNDA:0,handleSelect
DA:1,1
DA:2,1
DA:3,1
DA:4,1
DA:5,1
DA:6,1
DA:7,1
DA:8,1
DA:9,1
DA:10,1
DA:11,1
DA:12,1
DA:13,1
DA:14,1
DA:15,1
DA:16,1
DA:17,1
DA:18,1
DA:19,1
DA:20,1
DA:21,1
DA:22,1
DA:23,1
DA:24,5
DA:25,5
DA:26,5
DA:27,5
DA:28,5
DA:29,5
DA:30,5
DA:31,5
DA:32,5
DA:33,5
DA:34,0
DA:35,0
DA:36,5
DA:37,5
DA:38,5
DA:39,1
DA:40,5
DA:41,5
DA:42,5
DA:43,1
DA:44,0
DA:45,1
DA:46,1
DA:47,1
DA:48,5
DA:49,5
DA:50,5
DA:51,5
DA:52,5
DA:53,5
DA:54,5
DA:55,5
DA:56,5
DA:57,5
DA:58,5
DA:59,5
DA:60,5
DA:61,5
DA:62,5
DA:63,2
DA:64,5
DA:65,3
DA:66,5
DA:67,5
DA:68,5
DA:69,5
DA:70,1
DA:71,1
LF:71
LH:68
BRDA:23,0,0,5
BRDA:62,1,0,2
BRDA:64,2,0,3
BRDA:38,3,0,1
BRDA:42,4,0,1
BRDA:43,5,0,0
BRF:6
BRH:5
end_of_record
TN:
SF:src/components/card/card.tsx
FN:12,Card
FNF:1
FNH:0
FNDA:0,Card
DA:1,1
DA:2,1
DA:3,1
DA:4,1
DA:5,1
DA:6,1
DA:7,1
DA:8,1
DA:9,1
DA:10,1
DA:11,1
DA:12,1
DA:13,0
DA:14,0
DA:15,0
DA:16,0
DA:17,0
DA:18,0
DA:19,0
DA:20,0
DA:21,0
DA:22,0
DA:23,0
DA:24,0
DA:25,0
DA:26,1
DA:27,1
LF:27
LH:14
BRF:0
BRH:0
end_of_record
TN:
SF:src/components/cardsList/cardsList.tsx
FN:11,cardsList
FNF:1
FNH:1
FNDA:5,cardsList
DA:1,1
DA:2,1
DA:3,1
DA:4,1
DA:5,1
DA:6,1
DA:7,1
DA:8,1
DA:9,1
DA:10,1
DA:11,1
DA:12,5
DA:13,5
DA:14,5
DA:15,5
DA:16,5
DA:17,5
DA:18,1
LF:18
LH:18
BRDA:11,0,0,5
BRF:1
BRH:1
end_of_record
TN:
SF:src/components/header/header.tsx
FN:3,Header
FNF:1
FNH:1
FNDA:5,Header
DA:1,1
DA:2,1
DA:3,1
DA:4,1
DA:5,1
DA:6,1
DA:7,1
DA:8,1
DA:9,1
LF:9
LH:9
BRDA:3,0,0,5
BRF:1
BRH:1
end_of_record
TN:
SF:src/components/selectBreed/selectBreed.tsx
FN:11,SelectBreed
FN:17,onSelect
FNF:2
FNH:1
FNDA:5,SelectBreed
FNDA:0,onSelect
DA:1,1
DA:2,1
DA:3,1
DA:4,1
DA:5,1
DA:6,1
DA:7,1
DA:8,1
DA:9,1
DA:10,1
DA:11,1
DA:12,5
DA:13,5
DA:14,5
DA:15,5
DA:16,5
DA:17,5
DA:18,5
DA:19,5
DA:20,5
DA:21,5
DA:22,5
DA:23,5
DA:24,5
DA:25,5
DA:26,1
DA:27,1
LF:27
LH:27
BRDA:11,0,0,5
BRDA:20,1,0,5
BRF:2
BRH:2
end_of_record
TN:
SF:src/services/store.ts
FN:25,useDispatch
FNF:1
FNH:1
FNDA:5,useDispatch
DA:1,1
DA:2,1
DA:3,1
DA:4,1
DA:5,1
DA:6,1
DA:7,1
DA:8,1
DA:9,1
DA:10,1
DA:11,1
DA:12,1
DA:13,1
DA:14,1
DA:15,1
DA:16,1
DA:17,1
DA:18,1
DA:19,1
DA:20,1
DA:21,1
DA:22,1
DA:23,1
DA:24,1
DA:25,1
DA:26,1
DA:27,1
DA:28,1
LF:28
LH:28
BRDA:25,0,0,5
BRF:1
BRH:1
end_of_record
TN:
SF:src/services/slices/breedsSlice/breedsSlice.ts
FN:32,selectBreeds
FN:34,extraReducers
FNF:2
FNH:2
FNDA:14,selectBreeds
FNDA:1,extraReducers
DA:1,1
DA:2,1
DA:3,1
DA:4,1
DA:5,1
DA:6,1
DA:7,1
DA:8,1
DA:9,1
DA:10,1
DA:11,1
DA:12,1
DA:13,1
DA:14,1
DA:15,1
DA:16,1
DA:17,1
DA:18,1
DA:19,1
DA:20,1
DA:21,1
DA:22,1
DA:23,1
DA:24,1
DA:25,1
DA:26,1
DA:27,1
DA:28,1
DA:29,1
DA:30,1
DA:31,1
DA:32,1
DA:33,1
DA:34,1
DA:35,1
DA:36,1
DA:37,1
DA:38,1
DA:39,1
DA:40,1
DA:41,1
DA:42,1
DA:43,1
DA:44,1
DA:45,0
DA:46,0
DA:47,1
DA:48,1
DA:49,1
DA:50,1
DA:51,1
DA:52,1
DA:53,1
LF:53
LH:51
BRDA:7,0,0,1
BRDA:7,1,0,1
BRDA:7,2,0,1
BRDA:7,3,0,0
BRDA:32,4,0,14
BRDA:34,5,0,1
BRDA:36,6,0,1
BRDA:40,7,0,1
BRDA:42,8,0,0
BRF:9
BRH:7
end_of_record
TN:
SF:src/services/slices/catsSlice/catsSlice.ts
FN:31,deleteCard
FN:34,setCatsState
FN:39,selectCats
FN:40,selectLoading
FN:41,getErrorSelector
FN:43,extraReducers
FNF:6
FNH:3
FNDA:0,deleteCard
FNDA:0,setCatsState
FNDA:14,selectCats
FNDA:6,selectLoading
FNDA:0,getErrorSelector
FNDA:1,extraReducers
DA:1,1
DA:2,1
DA:3,1
DA:4,1
DA:5,1
DA:6,1
DA:7,1
DA:8,1
DA:9,1
DA:10,1
DA:11,1
DA:12,1
DA:13,1
DA:14,1
DA:15,1
DA:16,1
DA:17,1
DA:18,1
DA:19,1
DA:20,1
DA:21,1
DA:22,1
DA:23,1
DA:24,1
DA:25,1
DA:26,1
DA:27,1
DA:28,1
DA:29,1
DA:30,1
DA:31,1
DA:32,0
DA:33,1
DA:34,1
DA:35,0
DA:36,0
DA:37,1
DA:38,1
DA:39,1
DA:40,1
DA:41,1
DA:42,1
DA:43,1
DA:44,1
DA:45,1
DA:46,1
DA:47,1
DA:48,1
DA:49,1
DA:50,1
DA:51,1
DA:52,1
DA:53,1
DA:54,0
DA:55,0
DA:56,1
DA:57,1
DA:58,0
DA:59,0
DA:60,1
DA:61,1
DA:62,0
DA:63,0
DA:64,1
DA:65,1
DA:66,0
DA:67,0
DA:68,1
DA:69,1
DA:70,1
DA:71,1
DA:72,1
DA:73,1
DA:74,1
LF:74
LH:63
BRDA:7,0,0,1
BRDA:7,1,0,1
BRDA:7,2,0,1
BRDA:7,3,0,0
BRDA:39,4,0,14
BRDA:40,5,0,6
BRDA:43,6,0,1
BRDA:45,7,0,1
BRDA:49,8,0,1
BRDA:51,9,0,0
BRF:10
BRH:8
end_of_record
TN:
SF:src/utils/cats-api.ts
FN:7,checkResponse
FN:10,getCatsApi
FN:15,getBreedsApi
FN:29,filterCatsApi
FNF:4
FNH:2
FNDA:0,checkResponse
FNDA:1,getCatsApi
FNDA:1,getBreedsApi
FNDA:0,filterCatsApi
DA:1,1
DA:2,1
DA:3,1
DA:4,1
DA:5,1
DA:6,1
DA:7,1
DA:8,0
DA:9,1
DA:10,1
DA:11,1
DA:12,1
DA:13,1
DA:14,1
DA:15,1
DA:16,1
DA:17,1
DA:18,1
DA:19,0
DA:20,0
DA:21,0
DA:22,0
DA:23,0
DA:24,0
DA:25,0
DA:26,0
DA:27,1
DA:28,1
DA:29,1
DA:30,0
DA:31,0
DA:32,0
DA:33,0
DA:34,0
DA:35,0
DA:36,0
DA:37,0
DA:38,0
DA:39,0
DA:40,0
DA:41,0
DA:42,0
DA:43,0
DA:44,0
DA:45,0
DA:46,0
DA:47,0
DA:48,0
LF:48
LH:20
BRDA:10,0,0,1
BRDA:15,1,0,1
BRF:2
BRH:2
end_of_record
